<?xml version="1.0" encoding="UTF-8"?>
<!-- Generated by org.testng.reporters.JUnitReportReporter -->
<testsuite hostname="DESKTOP-1BAS52A" failures="0" tests="4" name="automation.testsuite.Day17_BTVN_TestSuite" time="83.426" errors="0" timestamp="2024-09-17T07:42:12 ICT" skipped="0">
  <testcase classname="automation.testsuite.Day17_BTVN_TestSuite" name="handleIframeMessage" time="16.989"/>
  <system-out/>
  <testcase classname="automation.testsuite.Day17_BTVN_TestSuite" name="handleIframeZalo" time="17.196"/>
  <system-out/>
  <testcase classname="automation.testsuite.Day17_BTVN_TestSuite" name="handleIframeZalo" time="29.078"/>
  <system-out/>
  <testcase classname="automation.testsuite.Day17_BTVN_TestSuite" name="handleIframeMessage" time="20.163"/>
  <system-out/>
</testsuite> <!-- automation.testsuite.Day17_BTVN_TestSuite -->
