<?xml version="1.0" encoding="UTF-8"?>
<!-- Generated by org.testng.reporters.JUnitReportReporter -->
<testsuite hostname="DESKTOP-1BAS52A" failures="0" tests="3" name="automation.testsuite.LoginTest" time="207.243" errors="0" timestamp="2024-09-15T21:17:57 ICT" skipped="0">
  <testcase classname="automation.testsuite.LoginTest" name="loginSuccessfully" time="69.394"/>
  <system-out/>
  <testcase classname="automation.testsuite.LoginTest" name="loginSuccessfully" time="71.078"/>
  <system-out/>
  <testcase classname="automation.testsuite.LoginTest" name="loginSuccessfully" time="66.771"/>
  <system-out/>
</testsuite> <!-- automation.testsuite.LoginTest -->
