<?xml version="1.0" encoding="UTF-8"?>
<!-- Generated by org.testng.reporters.JUnitReportReporter -->
<testsuite hostname="DESKTOP-1BAS52A" failures="0" tests="1" name="automation.testsuite.Day14_BTVN" time="71.385" errors="0" timestamp="2024-09-15T21:20:35 ICT" skipped="0">
  <testcase classname="automation.testsuite.Day14_BTVN" name="loginFunction" time="71.385"/>
  <system-out/>
</testsuite> <!-- automation.testsuite.Day14_BTVN -->
