<?xml version="1.0" encoding="UTF-8"?>
<!-- Generated by org.testng.reporters.JUnitReportReporter -->
<testsuite hostname="DESKTOP-1BAS52A" failures="0" tests="1" name="automation.testsuite.ChauVoiRuaBat_BepAnToan" time="110.964" errors="0" timestamp="2024-09-22T22:24:48 ICT" skipped="0">
  <testcase classname="automation.testsuite.ChauVoiRuaBat_BepAnToan" name="clickMucGiaNhoHon3" time="110.964"/>
  <system-out/>
</testsuite> <!-- automation.testsuite.ChauVoiRuaBat_BepAnToan -->
