<?xml version="1.0" encoding="UTF-8"?>
<!-- Generated by org.testng.reporters.JUnitReportReporter -->
<testsuite hostname="DESKTOP-1BAS52A" failures="0" tests="1" name="automation.testsuite.Day8_Pratice" time="27.033" errors="0" timestamp="2024-08-17T22:09:54 ICT" skipped="0">
  <testcase classname="automation.testsuite.Day8_Pratice" name="getElementById" time="27.033"/>
  <system-out/>
</testsuite> <!-- automation.testsuite.Day8_Pratice -->
