<?xml version="1.0" encoding="UTF-8"?>
<!-- Generated by org.testng.reporters.JUnitReportReporter -->
<testsuite hostname="DESKTOP-1BAS52A" failures="0" tests="9" name="automation.testsuite.Day13_BTVN_Login" time="202.613" errors="0" timestamp="2024-08-25T20:27:42 ICT" skipped="0">
  <testcase classname="automation.testsuite.Day13_BTVN_Login" name="loginFail_PasswordAndEmailInvalid" time="15.100"/>
  <system-out/>
  <testcase classname="automation.testsuite.Day13_BTVN_Login" name="loginFail_BlankPasswordAndEmail" time="20.298"/>
  <system-out/>
  <testcase classname="automation.testsuite.Day13_BTVN_Login" name="logout" time="31.224"/>
  <system-out/>
  <testcase classname="automation.testsuite.Day13_BTVN_Login" name="loginFail_EmailWrongFormat" time="14.274"/>
  <system-out/>
  <testcase classname="automation.testsuite.Day13_BTVN_Login" name="loginSuccessfully" time="14.628"/>
  <system-out/>
  <testcase classname="automation.testsuite.Day13_BTVN_Login" name="loginFail_BlankEmail" time="64.784"/>
  <system-out/>
  <testcase classname="automation.testsuite.Day13_BTVN_Login" name="loginFail_EmailNotExist" time="14.910"/>
  <system-out/>
  <testcase classname="automation.testsuite.Day13_BTVN_Login" name="loginFail_PasswordInvalid" time="14.331"/>
  <system-out/>
  <testcase classname="automation.testsuite.Day13_BTVN_Login" name="loginFail_BlankPassword" time="13.064"/>
  <system-out/>
</testsuite> <!-- automation.testsuite.Day13_BTVN_Login -->
