<?xml version="1.0" encoding="UTF-8"?>
<!-- Generated by org.testng.reporters.JUnitReportReporter -->
<testsuite hostname="DESKTOP-1BAS52A" failures="0" tests="1" name="automation.testsuite.Day12_Dropdownlist" time="8.439" errors="0" timestamp="2024-08-11T21:28:22 ICT" skipped="0">
  <testcase classname="automation.testsuite.Day12_Dropdownlist" name="case1_CheckDropdownlist" time="8.439"/>
  <system-out/>
</testsuite> <!-- automation.testsuite.Day12_Dropdownlist -->
