<?xml version="1.0" encoding="UTF-8"?>
<!-- Generated by org.testng.reporters.JUnitReportReporter -->
<testsuite hostname="DESKTOP-1BAS52A" failures="0" tests="1" name="automation.testsuite.Day17_WindowsPopup" time="11.728" errors="0" timestamp="2024-09-15T09:54:58 ICT" skipped="0">
  <testcase classname="automation.testsuite.Day17_WindowsPopup" name="handleWindow" time="11.728"/>
  <system-out/>
</testsuite> <!-- automation.testsuite.Day17_WindowsPopup -->
