<?xml version="1.0" encoding="UTF-8"?>
<!-- Generated by org.testng.reporters.JUnitReportReporter -->
<testsuite hostname="DESKTOP-1BAS52A" failures="0" tests="1" name="automation.testsuite.LoginTest" time="70.333" errors="0" timestamp="2024-08-21T08:19:23 ICT" skipped="0">
  <testcase classname="automation.testsuite.LoginTest" name="loginSuccessfully" time="70.333"/>
  <system-out/>
</testsuite> <!-- automation.testsuite.LoginTest -->
