<?xml version="1.0" encoding="UTF-8"?>
<!-- Generated by org.testng.reporters.JUnitReportReporter -->
<testsuite hostname="DESKTOP-1BAS52A" failures="0" tests="2" name="automation.testsuite.Day18_BTVN2_TestSuit" time="32.562" errors="0" timestamp="2024-09-17T07:42:13 ICT" skipped="0">
  <testcase classname="automation.testsuite.Day18_BTVN2_TestSuit" name="checkMessage" time="12.811"/>
  <system-out/>
  <testcase classname="automation.testsuite.Day18_BTVN2_TestSuit" name="checkMessage" time="19.751"/>
  <system-out/>
</testsuite> <!-- automation.testsuite.Day18_BTVN2_TestSuit -->
