<?xml version="1.0" encoding="UTF-8"?>
<!-- Generated by org.testng.reporters.JUnitReportReporter -->
<testsuite hostname="DESKTOP-1BAS52A" failures="0" tests="1" name="automation.testsuite.Day18_BTNV2_TestSuit" time="16.753" errors="0" timestamp="2024-09-17T07:32:11 ICT" skipped="0">
  <testcase classname="automation.testsuite.Day18_BTNV2_TestSuit" name="checkMessage" time="16.753"/>
  <system-out/>
</testsuite> <!-- automation.testsuite.Day18_BTNV2_TestSuit -->
