<?xml version="1.0" encoding="UTF-8"?>
<!-- Generated by org.testng.reporters.JUnitReportReporter -->
<testsuite hostname="DESKTOP-1BAS52A" failures="0" tests="1" name="automation.testsuite.Day8_Pratice" time="28.132" errors="0" timestamp="2024-07-28T21:15:07 ICT" skipped="0">
  <testcase classname="automation.testsuite.Day8_Pratice" name="getElementById" time="28.132"/>
  <system-out/>
</testsuite> <!-- automation.testsuite.Day8_Pratice -->
