<?xml version="1.0" encoding="UTF-8"?>
<!-- Generated by org.testng.reporters.JUnitReportReporter -->
<testsuite hostname="DESKTOP-1BAS52A" failures="0" tests="3" name="automation.testsuite.Day15_TestSuite_BTVN" time="46.997" errors="0" timestamp="2024-09-07T10:37:49 ICT" skipped="0">
  <testcase classname="automation.testsuite.Day15_TestSuite_BTVN" name="LoginSuccessfully" time="10.859"/>
  <system-out/>
  <testcase classname="automation.testsuite.Day15_TestSuite_BTVN" name="UpdatePasswordSuccessfully" time="21.509"/>
  <system-out/>
  <testcase classname="automation.testsuite.Day15_TestSuite_BTVN" name="SearchSuccessfully" time="14.629"/>
  <system-out/>
</testsuite> <!-- automation.testsuite.Day15_TestSuite_BTVN -->
