<?xml version="1.0" encoding="UTF-8"?>
<!-- Generated by org.testng.reporters.JUnitReportReporter -->
<testsuite hostname="DESKTOP-1BAS52A" failures="0" tests="2" name="automation.testsuite.Day12_RadioButton" time="11.994" errors="0" timestamp="2024-08-11T20:55:27 ICT" skipped="0">
  <testcase classname="automation.testsuite.Day12_RadioButton" name="case2_CheckRadioSuccesfully" time="7.799"/>
  <system-out/>
  <testcase classname="automation.testsuite.Day12_RadioButton" name="case1_CheckDefaultValue" time="4.195"/>
  <system-out/>
</testsuite> <!-- automation.testsuite.Day12_RadioButton -->
