<?xml version="1.0" encoding="UTF-8"?>
<!-- Generated by org.testng.reporters.JUnitReportReporter -->
<testsuite hostname="DESKTOP-1BAS52A" failures="0" tests="1" name="automation.testsuite.Day8_BTVN1" time="9.644" errors="0" timestamp="2024-07-28T21:55:49 ICT" skipped="0">
  <testcase classname="automation.testsuite.Day8_BTVN1" name="getElementById" time="9.644"/>
  <system-out/>
</testsuite> <!-- automation.testsuite.Day8_BTVN1 -->
