<?xml version="1.0" encoding="UTF-8"?>
<!-- Generated by org.testng.reporters.JUnitReportReporter -->
<testsuite hostname="DESKTOP-1BAS52A" failures="0" tests="1" name="automation.testsuite.HandleDatePicker_Day15" time="15.006" errors="0" timestamp="2024-09-05T19:38:04 ICT" skipped="0">
  <testcase classname="automation.testsuite.HandleDatePicker_Day15" name="inputBirthDay" time="15.006"/>
  <system-out/>
</testsuite> <!-- automation.testsuite.HandleDatePicker_Day15 -->
