<?xml version="1.0" encoding="UTF-8"?>
<!-- Generated by org.testng.reporters.JUnitReportReporter -->
<testsuite hostname="DESKTOP-1BAS52A" failures="0" tests="1" name="automation.testsuite.Day16_BTVN2_SELENIUM_TestSuite" time="32.383" errors="0" timestamp="2024-09-07T15:37:28 ICT" skipped="0">
  <testcase classname="automation.testsuite.Day16_BTVN2_SELENIUM_TestSuite" name="verifyAlertMessage" time="32.383"/>
  <system-out/>
</testsuite> <!-- automation.testsuite.Day16_BTVN2_SELENIUM_TestSuite -->
