<?xml version="1.0" encoding="UTF-8"?>
<!-- Generated by org.testng.reporters.JUnitReportReporter -->
<testsuite hostname="DESKTOP-1BAS52A" failures="0" tests="1" name="automation.testsuite.LoginTestFactory" time="23.240" errors="0" timestamp="2024-08-21T21:17:29 ICT" skipped="0">
  <testcase classname="automation.testsuite.LoginTestFactory" name="LogoutSuccessfully" time="23.240"/>
  <system-out/>
</testsuite> <!-- automation.testsuite.LoginTestFactory -->
