<?xml version="1.0" encoding="UTF-8"?>
<!-- Generated by org.testng.reporters.JUnitReportReporter -->
<testsuite hostname="DESKTOP-1BAS52A" failures="0" tests="3" name="automation.testsuite.Day16_Alert" time="72.214" errors="0" timestamp="2024-09-07T13:44:37 ICT" skipped="0">
  <testcase classname="automation.testsuite.Day16_Alert" name="verifyAlertMessage" time="16.633"/>
  <system-out/>
  <testcase classname="automation.testsuite.Day16_Alert" name="pressOkOnAlert" time="12.086"/>
  <system-out/>
  <testcase classname="automation.testsuite.Day16_Alert" name="pressCancelOnAlert" time="43.495"/>
  <system-out/>
</testsuite> <!-- automation.testsuite.Day16_Alert -->
