<?xml version="1.0" encoding="UTF-8"?>
<!-- Generated by org.testng.reporters.JUnitReportReporter -->
<testsuite hostname="DESKTOP-1BAS52A" failures="0" tests="1" name="automation.testsuite.Day17_iframe" time="12.841" errors="0" timestamp="2024-09-17T06:33:00 ICT" skipped="0">
  <testcase classname="automation.testsuite.Day17_iframe" name="handleIframeDayKyTuVan" time="12.841"/>
  <system-out/>
</testsuite> <!-- automation.testsuite.Day17_iframe -->
