<?xml version="1.0" encoding="UTF-8"?>
<!-- Generated by org.testng.reporters.JUnitReportReporter -->
<testsuite hostname="DESKTOP-1BAS52A" failures="0" tests="1" name="automation.testsuite.Day12_BTVN_2" time="14.241" errors="0" timestamp="2024-08-17T22:22:05 ICT" skipped="0">
  <testcase classname="automation.testsuite.Day12_BTVN_2" name="case1_Dropdownlist_State" time="14.241"/>
  <system-out/>
</testsuite> <!-- automation.testsuite.Day12_BTVN_2 -->
