<?xml version="1.0" encoding="UTF-8"?>
<!-- Generated by org.testng.reporters.JUnitReportReporter -->
<testsuite hostname="DESKTOP-1BAS52A" failures="0" tests="1" name="automation.testsuite.Day16_BTVN1_Testsuite" time="86.625" errors="0" timestamp="2024-09-07T14:44:35 ICT" skipped="0">
  <testcase classname="automation.testsuite.Day16_BTVN1_Testsuite" name="UpdatePasswordSuccessfull" time="86.625"/>
  <system-out/>
</testsuite> <!-- automation.testsuite.Day16_BTVN1_Testsuite -->
