<?xml version="1.0" encoding="UTF-8"?>
<!-- Generated by org.testng.reporters.JUnitReportReporter -->
<testsuite hostname="DESKTOP-1BAS52A" failures="0" tests="1" name="automation.testsuite.Day7_Test" time="0.026" errors="0" timestamp="2024-07-22T20:55:06 ICT" skipped="0">
  <testcase classname="automation.testsuite.Day7_Test" name="testCase_1" time="0.026"/>
  <system-out/>
</testsuite> <!-- automation.testsuite.Day7_Test -->
