<?xml version="1.0" encoding="UTF-8"?>
<!-- Generated by org.testng.reporters.JUnitReportReporter -->
<testsuite hostname="DESKTOP-1BAS52A" failures="0" tests="1" name="automation.testsuite.Day12_Checkbox" time="10.675" errors="0" timestamp="2024-08-11T20:36:21 ICT" skipped="0">
  <testcase classname="automation.testsuite.Day12_Checkbox" name="case2_CheckMultipleCheckboxSuccessfully" time="10.675"/>
  <system-out/>
</testsuite> <!-- automation.testsuite.Day12_Checkbox -->
