<?xml version="1.0" encoding="UTF-8"?>
<!-- Generated by org.testng.reporters.JUnitReportReporter -->
<testsuite hostname="DESKTOP-1BAS52A" failures="0" tests="1" name="automation.testsuite.UpdatePasswordTestSuite_Day15" time="16.729" errors="0" timestamp="2024-08-28T21:16:05 ICT" skipped="0">
  <testcase classname="automation.testsuite.UpdatePasswordTestSuite_Day15" name="updatePasswordSuccessfully" time="16.729"/>
  <system-out/>
</testsuite> <!-- automation.testsuite.UpdatePasswordTestSuite_Day15 -->
