<?xml version="1.0" encoding="UTF-8"?>
<!-- Generated by org.testng.reporters.JUnitReportReporter -->
<testsuite hostname="DESKTOP-1BAS52A" failures="0" tests="2" name="automation.testsuite.Day7_BTVN_Mang" time="0.028" errors="0" timestamp="2024-07-22T22:12:42 ICT" skipped="0">
  <testcase classname="automation.testsuite.Day7_BTVN_Mang" name="testCase_2" time="0.014"/>
  <system-out/>
  <testcase classname="automation.testsuite.Day7_BTVN_Mang" name="testCase_1" time="0.014"/>
  <system-out/>
</testsuite> <!-- automation.testsuite.Day7_BTVN_Mang -->
