<?xml version="1.0" encoding="UTF-8"?>
<!-- Generated by org.testng.reporters.JUnitReportReporter -->
<testsuite hostname="DESKTOP-1BAS52A" failures="0" tests="3" name="automation.testsuite.Day14_BTVN" time="218.365" errors="0" timestamp="2024-08-27T22:59:52 ICT" skipped="0">
  <testcase classname="automation.testsuite.Day14_BTVN" name="RegisterSuccessfully" time="68.545"/>
  <system-out/>
  <testcase classname="automation.testsuite.Day14_BTVN" name="ChangeInformationUserFunction" time="85.219"/>
  <system-out/>
  <testcase classname="automation.testsuite.Day14_BTVN" name="loginFunction" time="64.601"/>
  <system-out/>
</testsuite> <!-- automation.testsuite.Day14_BTVN -->
