<?xml version="1.0" encoding="UTF-8"?>
<!-- Generated by org.testng.reporters.JUnitReportReporter -->
<testsuite hostname="DESKTOP-1BAS52A" failures="0" tests="2" name="automation.testsuite.Day18_BTVN1_TestSuit" time="39.581" errors="0" timestamp="2024-09-17T07:42:13 ICT" skipped="0">
  <testcase classname="automation.testsuite.Day18_BTVN1_TestSuit" name="checkZalo" time="23.047"/>
  <system-out/>
  <testcase classname="automation.testsuite.Day18_BTVN1_TestSuit" name="checkZalo" time="16.534"/>
  <system-out/>
</testsuite> <!-- automation.testsuite.Day18_BTVN1_TestSuit -->
