<?xml version="1.0" encoding="UTF-8"?>
<!-- Generated by org.testng.reporters.JUnitReportReporter -->
<testsuite hostname="DESKTOP-1BAS52A" failures="0" tests="1" name="automation.testsuite.Day16_BTVN3_GURU_TestSuite" time="9.521" errors="0" timestamp="2024-09-07T15:58:48 ICT" skipped="0">
  <testcase classname="automation.testsuite.Day16_BTVN3_GURU_TestSuite" name="verifyAlertMessage" time="9.521"/>
  <system-out/>
</testsuite> <!-- automation.testsuite.Day16_BTVN3_GURU_TestSuite -->
