<?xml version="1.0" encoding="UTF-8"?>
<!-- Generated by org.testng.reporters.JUnitReportReporter -->
<testsuite hostname="DESKTOP-1BAS52A" failures="0" tests="2" name="automation.testsuite.Day12_BTVN" time="12.494" errors="0" timestamp="2024-08-12T21:20:21 ICT" skipped="0">
  <testcase classname="automation.testsuite.Day12_BTVN" name="case1_Dropdownlist_State" time="7.362"/>
  <system-out/>
  <testcase classname="automation.testsuite.Day12_BTVN" name="case2_RadioButtonHosting" time="5.132"/>
  <system-out/>
</testsuite> <!-- automation.testsuite.Day12_BTVN -->
